<?xml version="1.0" encoding="windows-1251"?>
<!DOCTYPE beans PUBLIC "-//SPRING//DTD BEAN 2.0//EN" "http://www.springframework.org/dtd/spring-beans-2.0.dtd">
<beans default-lazy-init="true" default-autowire="byName">
    <!--Spring helpers-->
    <bean class="org.springframework.beans.factory.annotation.RequiredAnnotationBeanPostProcessor"/>

    <!--Jetty beans-->
    <bean id="serverInitializer" class="net.sf.xfresh.jetty.JettyServerInitializer">
        <property name="port" value="33333"/>
        <property name="maxThreads" value="10"/>
        <property name="handlers">
            <list>
                <bean class="net.sf.xfresh.jetty.YaletXmlPageHandler">
                    <property name="resourceBase" value="./core/src/test"/>
                </bean>
                <bean class="org.mortbay.jetty.handler.ResourceHandler">
                    <property name="resourceBase" value="./core/src/test"/>
                </bean>
            </list>
        </property>
    </bean>

    <!--Fresh core beans-->
    <bean id="yaletProcessor" class="net.sf.xfresh.core.YaletProcessor">
        <property name="encoding" value="utf-8"/>
    </bean>

    <bean id="yaletSupport" class="net.sf.xfresh.core.DefaultYaletSupport"/>

    <bean id="yaletResolver" class="net.sf.xfresh.core.SpringYaletResolver"/>

    <bean id="saxGenerator" class="net.sf.xfresh.core.DefaultSaxGenerator"/>

    <!--Yalets-->
    <bean id="addTestInfoYalet" class="net.sf.xfresh.mock.DoNothingYalet"/>

    <bean id="remoteUserYalet" class="net.sf.xfresh.mock.RemoteUserYalet"/>
</beans>
